<?xml version="1.0" encoding="utf-8"?><testsuites name="pytest tests"><testsuite name="pytest" errors="0" failures="0" skipped="10" tests="11" time="0.474" timestamp="2026-04-02T01:47:53.692340+00:00" hostname="agent-env-d963bf9f-ad7b-443c-917f-f4f0231b0508"><testcase classname="backend.tests.test_appointments.TestAppointmentsEndpoints" name="test_get_schedule" time="0.280"><skipped type="pytest.skip" message="Login failed: 404 {&quot;detail&quot;:&quot;Not Found&quot;}">/app/backend/tests/test_appointments.py:31: Login failed: 404 {"detail":"Not Found"}</skipped></testcase><testcase classname="backend.tests.test_appointments.TestAppointmentsEndpoints" name="test_get_ongoing" time="0.000"><skipped type="pytest.skip" message="Login failed: 404 {&quot;detail&quot;:&quot;Not Found&quot;}">/app/backend/tests/test_appointments.py:41: Login failed: 404 {"detail":"Not Found"}</skipped></testcase><testcase classname="backend.tests.test_appointments.TestAppointmentsEndpoints" name="test_get_completed" time="0.000"><skipped type="pytest.skip" message="Login failed: 404 {&quot;detail&quot;:&quot;Not Found&quot;}">/app/backend/tests/test_appointments.py:47: Login failed: 404 {"detail":"Not Found"}</skipped></testcase><testcase classname="backend.tests.test_appointments.TestAppointmentsEndpoints" name="test_list_appointments" time="0.000"><skipped type="pytest.skip" message="Login failed: 404 {&quot;detail&quot;:&quot;Not Found&quot;}">/app/backend/tests/test_appointments.py:53: Login failed: 404 {"detail":"Not Found"}</skipped></testcase><testcase classname="backend.tests.test_appointments.TestAppointmentsEndpoints" name="test_create_and_delete_appointment" time="0.000"><skipped type="pytest.skip" message="Login failed: 404 {&quot;detail&quot;:&quot;Not Found&quot;}">/app/backend/tests/test_appointments.py:59: Login failed: 404 {"detail":"Not Found"}</skipped></testcase><testcase classname="backend.tests.test_appointments.TestAppointmentsEndpoints" name="test_professionals_list" time="0.000"><skipped type="pytest.skip" message="Login failed: 404 {&quot;detail&quot;:&quot;Not Found&quot;}">/app/backend/tests/test_appointments.py:86: Login failed: 404 {"detail":"Not Found"}</skipped></testcase><testcase classname="backend.tests.test_appointments.TestAppointmentsEndpoints" name="test_audit_log" time="0.000"><skipped type="pytest.skip" message="Login failed: 404 {&quot;detail&quot;:&quot;Not Found&quot;}">/app/backend/tests/test_appointments.py:92: Login failed: 404 {"detail":"Not Found"}</skipped></testcase><testcase classname="backend.tests.test_appointments.TestProfessionalSettings" name="test_get_users_list" time="0.000"><skipped type="pytest.skip" message="Login failed: 404 {&quot;detail&quot;:&quot;Not Found&quot;}">/app/backend/tests/test_appointments.py:103: Login failed: 404 {"detail":"Not Found"}</skipped></testcase><testcase classname="backend.tests.test_appointments.TestProfessionalSettings" name="test_update_professional_settings" time="0.000"><skipped type="pytest.skip" message="Login failed: 404 {&quot;detail&quot;:&quot;Not Found&quot;}">/app/backend/tests/test_appointments.py:111: Login failed: 404 {"detail":"Not Found"}</skipped></testcase><testcase classname="backend.tests.test_appointments.TestRolePermissions" name="test_role_permissions_include_appointments" time="0.000"><skipped type="pytest.skip" message="Login failed: 404 {&quot;detail&quot;:&quot;Not Found&quot;}">/app/backend/tests/test_appointments.py:141: Login failed: 404 {"detail":"Not Found"}</skipped></testcase><testcase classname="backend.tests.test_appointments.TestRolePermissions" name="test_appointments_not_accessible_without_access" time="0.161" /></testsuite></testsuites>