<?xml version="1.0" encoding="utf-8"?><testsuites name="pytest tests"><testsuite name="pytest" errors="0" failures="1" skipped="0" tests="6" time="0.854" timestamp="2026-04-02T03:54:06.725451+00:00" hostname="agent-env-d963bf9f-ad7b-443c-917f-f4f0231b0508"><testcase classname="backend.tests.test_audit" name="test_non_admin_gets_403" time="0.191" /><testcase classname="backend.tests.test_audit" name="test_audit_returns_200_admin" time="0.437" /><testcase classname="backend.tests.test_audit" name="test_audit_filter_entity_type_student" time="0.049" /><testcase classname="backend.tests.test_audit" name="test_audit_filter_action_created" time="0.047" /><testcase classname="backend.tests.test_audit" name="test_create_student_creates_audit_entry" time="0.049"><failure message="AssertionError: Student creation failed: {&quot;detail&quot;:[{&quot;type&quot;:&quot;missing&quot;,&quot;loc&quot;:[&quot;body&quot;,&quot;year_level&quot;],&quot;msg&quot;:&quot;Field required&quot;,&quot;input&quot;:{&quot;first_name&quot;:&quot;TEST_AuditFirst&quot;,&quot;last_name&quot;:&quot;TEST_AuditLast&quot;,&quot;grade&quot;:&quot;5&quot;,&quot;school&quot;:&quot;Test School&quot;,&quot;date_of_birth&quot;:&quot;2015-01-01&quot;},&quot;url&quot;:&quot;https://errors.pydantic.dev/2.12/v/missing&quot;},{&quot;type&quot;:&quot;missing&quot;,&quot;loc&quot;:[&quot;body&quot;,&quot;class_name&quot;],&quot;msg&quot;:&quot;Field required&quot;,&quot;input&quot;:{&quot;first_name&quot;:&quot;TEST_AuditFirst&quot;,&quot;last_name&quot;:&quot;TEST_AuditLast&quot;,&quot;grade&quot;:&quot;5&quot;,&quot;school&quot;:&quot;Test School&quot;,&quot;date_of_birth&quot;:&quot;2015-01-01&quot;},&quot;url&quot;:&quot;https://errors.pydantic.dev/2.12/v/missing&quot;}]}&#10;assert 422 in [200, 201]&#10; +  where 422 = &lt;Response [422]&gt;.status_code">backend/tests/test_audit.py:81: in test_create_student_creates_audit_entry
    assert create_res.status_code in [200, 201], f"Student creation failed: {create_res.text}"
E   AssertionError: Student creation failed: {"detail":[{"type":"missing","loc":["body","year_level"],"msg":"Field required","input":{"first_name":"TEST_AuditFirst","last_name":"TEST_AuditLast","grade":"5","school":"Test School","date_of_birth":"2015-01-01"},"url":"https://errors.pydantic.dev/2.12/v/missing"},{"type":"missing","loc":["body","class_name"],"msg":"Field required","input":{"first_name":"TEST_AuditFirst","last_name":"TEST_AuditLast","grade":"5","school":"Test School","date_of_birth":"2015-01-01"},"url":"https://errors.pydantic.dev/2.12/v/missing"}]}
E   assert 422 in [200, 201]
E    +  where 422 = &lt;Response [422]&gt;.status_code</failure></testcase><testcase classname="backend.tests.test_audit" name="test_audit_pagination" time="0.047" /></testsuite></testsuites>