<?xml version="1.0" encoding="utf-8"?><testsuites name="pytest tests"><testsuite name="pytest" errors="0" failures="0" skipped="0" tests="4" time="1.062" timestamp="2026-04-23T03:33:00.228540+00:00" hostname="agent-env-d2ae8f4b-0b8a-4aea-b178-6e598dc4b73f"><testcase classname="tests.test_intervention_frequency.TestInterventionFrequency" name="test_login_ok" time="0.433" /><testcase classname="tests.test_intervention_frequency.TestInterventionFrequency" name="test_create_intervention_with_frequency" time="0.256" /><testcase classname="tests.test_intervention_frequency.TestInterventionFrequency" name="test_ongoing_returns_frequency" time="0.148" /><testcase classname="tests.test_intervention_frequency.TestInterventionFrequency" name="test_create_intervention_empty_frequency" time="0.201" /></testsuite></testsuites>