<?xml version="1.0" encoding="utf-8"?><testsuites name="pytest tests"><testsuite name="pytest" errors="0" failures="0" skipped="0" tests="9" time="1.409" timestamp="2026-03-22T11:00:04.957741+00:00" hostname="agent-env-d963bf9f-ad7b-443c-917f-f4f0231b0508"><testcase classname="backend.tests.test_attendance_fix.TestAttendanceSummaryFix" name="test_summary_returns_200" time="0.540" /><testcase classname="backend.tests.test_attendance_fix.TestAttendanceSummaryFix" name="test_summary_has_data_true_for_students_with_records" time="0.071" /><testcase classname="backend.tests.test_attendance_fix.TestAttendanceSummaryFix" name="test_summary_realistic_percentages" time="0.067" /><testcase classname="backend.tests.test_attendance_fix.TestAttendanceSummaryFix" name="test_summary_school_average_tile" time="0.072" /><testcase classname="backend.tests.test_attendance_fix.TestStudentDetailFix" name="test_keisley_adonis_detail" time="0.108" /><testcase classname="backend.tests.test_attendance_fix.TestStudentDetailFix" name="test_student_detail_not_zero_pct" time="0.322" /><testcase classname="backend.tests.test_attendance_fix.TestPeriodFilter" name="test_ytd_filter" time="0.067" /><testcase classname="backend.tests.test_attendance_fix.TestPeriodFilter" name="test_month_filter" time="0.066" /><testcase classname="backend.tests.test_attendance_fix.TestCohortFilter" name="test_summary_contains_year_level_field" time="0.068" /></testsuite></testsuites>