<?xml version="1.0" encoding="utf-8"?><testsuites name="pytest tests"><testsuite name="pytest" errors="0" failures="0" skipped="0" tests="9" time="1.340" timestamp="2026-03-22T23:39:27.978204+00:00" hostname="agent-env-d963bf9f-ad7b-443c-917f-f4f0231b0508"><testcase classname="backend.tests.test_photo_upload.TestPhotoUploadEndpoint" name="test_endpoint_requires_auth" time="0.244" /><testcase classname="backend.tests.test_photo_upload.TestPhotoUploadEndpoint" name="test_non_zip_rejected" time="0.118" /><testcase classname="backend.tests.test_photo_upload.TestPhotoUploadEndpoint" name="test_valid_zip_match" time="0.143" /><testcase classname="backend.tests.test_photo_upload.TestPhotoUploadEndpoint" name="test_trailing_space_in_filename" time="0.157" /><testcase classname="backend.tests.test_photo_upload.TestPhotoUploadEndpoint" name="test_staff_folder_skipped" time="0.108" /><testcase classname="backend.tests.test_photo_upload.TestPhotoUploadEndpoint" name="test_photo_saved_to_disk" time="0.124" /><testcase classname="backend.tests.test_photo_upload.TestPhotoUploadEndpoint" name="test_db_updated_with_photo_url" time="0.128" /><testcase classname="backend.tests.test_photo_upload.TestPhotoUploadEndpoint" name="test_static_file_serving" time="0.165" /><testcase classname="backend.tests.test_photo_upload.TestPhotoUploadEndpoint" name="test_case_insensitive_match" time="0.116" /></testsuite></testsuites>