<?xml version="1.0" encoding="utf-8"?><testsuites name="pytest tests"><testsuite name="pytest" errors="0" failures="0" skipped="0" tests="9" time="1.073" timestamp="2026-04-02T02:35:35.419695+00:00" hostname="agent-env-d963bf9f-ad7b-443c-917f-f4f0231b0508"><testcase classname="backend.tests.test_iteration35.TestProfessionalRole" name="test_create_user_with_professional_role" time="0.467" /><testcase classname="backend.tests.test_iteration35.TestProfessionalRole" name="test_update_user_role_to_professional" time="0.114" /><testcase classname="backend.tests.test_iteration35.TestProfessionalRole" name="test_create_user_invalid_role_fails" time="0.052" /><testcase classname="backend.tests.test_iteration35.TestAuditLog" name="test_audit_log_returns_200" time="0.064" /><testcase classname="backend.tests.test_iteration35.TestAuditLog" name="test_audit_log_pagination" time="0.060" /><testcase classname="backend.tests.test_iteration35.TestStudentAppointments" name="test_student_appointments_returns_200" time="0.120" /><testcase classname="backend.tests.test_iteration35.TestStudentAppointments" name="test_student_appointments_nonexistent_student" time="0.059" /><testcase classname="backend.tests.test_iteration35.TestProfessionalsList" name="test_professionals_list_returns_200" time="0.056" /><testcase classname="backend.tests.test_iteration35.TestCleanup" name="test_cleanup" time="0.053" /></testsuite></testsuites>