<?xml version="1.0" encoding="utf-8"?><testsuites name="pytest tests"><testsuite name="pytest" errors="0" failures="0" skipped="0" tests="10" time="1.570" timestamp="2026-04-20T08:15:44.632953+00:00" hostname="agent-env-d2ae8f4b-0b8a-4aea-b178-6e598dc4b73f"><testcase classname="backend.tests.test_classes_and_attendance_v2.TestAttendanceUploadNewSchema" name="test_upload_new_schema_and_persist" time="0.601" /><testcase classname="backend.tests.test_classes_and_attendance_v2.TestAttendanceUploadNewSchema" name="test_cleanup_test_attendance" time="0.000" /><testcase classname="backend.tests.test_classes_and_attendance_v2.TestAttendanceUploadLegacy" name="test_legacy_schema_detected" time="0.112" /><testcase classname="backend.tests.test_classes_and_attendance_v2.TestAttendanceEntryDate" name="test_student_detail_returns_valid_shape" time="0.049" /><testcase classname="backend.tests.test_classes_and_attendance_v2.TestAttendanceEntryDate" name="test_summary_endpoint" time="0.048" /><testcase classname="backend.tests.test_classes_and_attendance_v2.TestClassesEndpoint" name="test_list_classes_enriched" time="0.050" /><testcase classname="backend.tests.test_classes_and_attendance_v2.TestClassesEndpoint" name="test_assign_and_clear_teacher" time="0.281" /><testcase classname="backend.tests.test_classes_and_attendance_v2.TestClassesEndpoint" name="test_assign_teacher_slash_path" time="0.136" /><testcase classname="backend.tests.test_classes_and_attendance_v2.TestClassesEndpoint" name="test_assign_teacher_404_for_unknown_user" time="0.094" /><testcase classname="backend.tests.test_classes_and_attendance_v2.TestClassesEndpoint" name="test_assign_teacher_403_for_non_admin" time="0.164" /></testsuite></testsuites>