<?xml version="1.0" encoding="utf-8"?><testsuites name="pytest tests"><testsuite name="pytest" errors="0" failures="0" skipped="0" tests="12" time="2.588" timestamp="2026-03-22T11:47:17.567706+00:00" hostname="agent-env-d963bf9f-ad7b-443c-917f-f4f0231b0508"><testcase classname="backend.tests.test_themes.TestThemeAPI" name="test_get_me_returns_200" time="0.967" /><testcase classname="backend.tests.test_themes.TestThemeAPI" name="test_get_me_returns_theme_field" time="0.265" /><testcase classname="backend.tests.test_themes.TestThemeAPI" name="test_put_preferences_ocean" time="0.102" /><testcase classname="backend.tests.test_themes.TestThemeAPI" name="test_put_preferences_ocean_persisted" time="0.249" /><testcase classname="backend.tests.test_themes.TestThemeAPI" name="test_put_preferences_forest" time="0.099" /><testcase classname="backend.tests.test_themes.TestThemeAPI" name="test_put_preferences_forest_persisted" time="0.240" /><testcase classname="backend.tests.test_themes.TestThemeAPI" name="test_put_preferences_warm" time="0.112" /><testcase classname="backend.tests.test_themes.TestThemeAPI" name="test_put_preferences_dark" time="0.099" /><testcase classname="backend.tests.test_themes.TestThemeAPI" name="test_put_preferences_midnight" time="0.112" /><testcase classname="backend.tests.test_themes.TestThemeAPI" name="test_put_preferences_default" time="0.095" /><testcase classname="backend.tests.test_themes.TestThemeAPI" name="test_put_preferences_invalid_theme" time="0.103" /><testcase classname="backend.tests.test_themes.TestThemeAPI" name="test_put_preferences_requires_auth" time="0.109" /></testsuite></testsuites>