<?xml version="1.0" encoding="utf-8"?><testsuites name="pytest tests"><testsuite name="pytest" errors="0" failures="1" skipped="0" tests="6" time="1.017" timestamp="2026-03-22T23:46:49.366708+00:00" hostname="agent-env-d963bf9f-ad7b-443c-917f-f4f0231b0508"><testcase classname="backend.tests.test_remove_photo.TestRemovePhoto" name="test_delete_photo_requires_auth" time="0.195" /><testcase classname="backend.tests.test_remove_photo.TestRemovePhoto" name="test_delete_photo_student_with_photo" time="0.473" /><testcase classname="backend.tests.test_remove_photo.TestRemovePhoto" name="test_delete_photo_clears_db" time="0.151" /><testcase classname="backend.tests.test_remove_photo.TestRemovePhoto" name="test_delete_photo_removes_file_from_disk" time="0.058" /><testcase classname="backend.tests.test_remove_photo.TestRemovePhoto" name="test_delete_photo_student_not_found" time="0.048" /><testcase classname="backend.tests.test_remove_photo.TestRemovePhoto" name="test_delete_photo_no_photo_ok" time="0.046"><failure message="AssertionError: Expected 200, got 404&#10;assert 404 == 200&#10; +  where 404 = &lt;Response [404]&gt;.status_code">backend/tests/test_remove_photo.py:85: in test_delete_photo_no_photo_ok
    assert resp.status_code == 200, f"Expected 200, got {resp.status_code}"
E   AssertionError: Expected 200, got 404
E   assert 404 == 200
E    +  where 404 = &lt;Response [404]&gt;.status_code</failure></testcase></testsuite></testsuites>