<?xml version="1.0" encoding="utf-8"?><testsuites name="pytest tests"><testsuite name="pytest" errors="7" failures="0" skipped="0" tests="7" time="0.336" timestamp="2026-03-22T09:12:47.165642+00:00" hostname="agent-env-d963bf9f-ad7b-443c-917f-f4f0231b0508"><testcase classname="backend.tests.test_iteration_19.TestSettingsTermsAvailableYears" name="test_terms_returns_available_years" time="0.270"><error message="failed on setup with &quot;AssertionError: Login failed: {&quot;detail&quot;:&quot;Not Found&quot;}&#10;assert 404 == 200&#10; +  where 404 = &lt;Response [404]&gt;.status_code&quot;">backend/tests/test_iteration_19.py:22: in session
    return get_session()
           ^^^^^^^^^^^^^
backend/tests/test_iteration_19.py:16: in get_session
    assert r.status_code == 200, f"Login failed: {r.text}"
E   AssertionError: Login failed: {"detail":"Not Found"}
E   assert 404 == 200
E    +  where 404 = &lt;Response [404]&gt;.status_code</error></testcase><testcase classname="backend.tests.test_iteration_19.TestSettingsTermsAvailableYears" name="test_available_years_includes_attendance_record_years" time="0.000"><error message="failed on setup with &quot;AssertionError: Login failed: {&quot;detail&quot;:&quot;Not Found&quot;}&#10;assert 404 == 200&#10; +  where 404 = &lt;Response [404]&gt;.status_code&quot;">backend/tests/test_iteration_19.py:22: in session
    return get_session()
           ^^^^^^^^^^^^^
backend/tests/test_iteration_19.py:16: in get_session
    assert r.status_code == 200, f"Login failed: {r.text}"
E   AssertionError: Login failed: {"detail":"Not Found"}
E   assert 404 == 200
E    +  where 404 = &lt;Response [404]&gt;.status_code</error></testcase><testcase classname="backend.tests.test_iteration_19.TestBiweeklyTrend" name="test_student_detail_has_biweekly_trend_field" time="0.000"><error message="failed on setup with &quot;AssertionError: Login failed: {&quot;detail&quot;:&quot;Not Found&quot;}&#10;assert 404 == 200&#10; +  where 404 = &lt;Response [404]&gt;.status_code&quot;">backend/tests/test_iteration_19.py:22: in session
    return get_session()
           ^^^^^^^^^^^^^
backend/tests/test_iteration_19.py:16: in get_session
    assert r.status_code == 200, f"Login failed: {r.text}"
E   AssertionError: Login failed: {"detail":"Not Found"}
E   assert 404 == 200
E    +  where 404 = &lt;Response [404]&gt;.status_code</error></testcase><testcase classname="backend.tests.test_iteration_19.TestBiweeklyTrend" name="test_biweekly_trend_has_correct_fields" time="0.000"><error message="failed on setup with &quot;AssertionError: Login failed: {&quot;detail&quot;:&quot;Not Found&quot;}&#10;assert 404 == 200&#10; +  where 404 = &lt;Response [404]&gt;.status_code&quot;">backend/tests/test_iteration_19.py:22: in session
    return get_session()
           ^^^^^^^^^^^^^
backend/tests/test_iteration_19.py:16: in get_session
    assert r.status_code == 200, f"Login failed: {r.text}"
E   AssertionError: Login failed: {"detail":"Not Found"}
E   assert 404 == 200
E    +  where 404 = &lt;Response [404]&gt;.status_code</error></testcase><testcase classname="backend.tests.test_iteration_19.TestBiweeklyTrend" name="test_no_monthly_trend_field" time="0.000"><error message="failed on setup with &quot;AssertionError: Login failed: {&quot;detail&quot;:&quot;Not Found&quot;}&#10;assert 404 == 200&#10; +  where 404 = &lt;Response [404]&gt;.status_code&quot;">backend/tests/test_iteration_19.py:22: in session
    return get_session()
           ^^^^^^^^^^^^^
backend/tests/test_iteration_19.py:16: in get_session
    assert r.status_code == 200, f"Login failed: {r.text}"
E   AssertionError: Login failed: {"detail":"Not Found"}
E   assert 404 == 200
E    +  where 404 = &lt;Response [404]&gt;.status_code</error></testcase><testcase classname="backend.tests.test_iteration_19.TestAttendanceSummary" name="test_summary_returns_200" time="0.000"><error message="failed on setup with &quot;AssertionError: Login failed: {&quot;detail&quot;:&quot;Not Found&quot;}&#10;assert 404 == 200&#10; +  where 404 = &lt;Response [404]&gt;.status_code&quot;">backend/tests/test_iteration_19.py:22: in session
    return get_session()
           ^^^^^^^^^^^^^
backend/tests/test_iteration_19.py:16: in get_session
    assert r.status_code == 200, f"Login failed: {r.text}"
E   AssertionError: Login failed: {"detail":"Not Found"}
E   assert 404 == 200
E    +  where 404 = &lt;Response [404]&gt;.status_code</error></testcase><testcase classname="backend.tests.test_iteration_19.TestAttendanceSummary" name="test_summary_ytd" time="0.000"><error message="failed on setup with &quot;AssertionError: Login failed: {&quot;detail&quot;:&quot;Not Found&quot;}&#10;assert 404 == 200&#10; +  where 404 = &lt;Response [404]&gt;.status_code&quot;">backend/tests/test_iteration_19.py:22: in session
    return get_session()
           ^^^^^^^^^^^^^
backend/tests/test_iteration_19.py:16: in get_session
    assert r.status_code == 200, f"Login failed: {r.text}"
E   AssertionError: Login failed: {"detail":"Not Found"}
E   assert 404 == 200
E    +  where 404 = &lt;Response [404]&gt;.status_code</error></testcase></testsuite></testsuites>