<?xml version="1.0" encoding="utf-8"?><testsuites name="pytest tests"><testsuite name="pytest" errors="0" failures="0" skipped="0" tests="4" time="1.717" timestamp="2026-04-22T13:26:21.780092+00:00" hostname="agent-env-d2ae8f4b-0b8a-4aea-b178-6e598dc4b73f"><testcase classname="tests.test_iteration46_p1.TestSettingsTimezone" name="test_get_settings_has_timezone_default" time="1.003" /><testcase classname="tests.test_iteration46_p1.TestSettingsTimezone" name="test_put_settings_persists_timezone" time="0.202" /><testcase classname="tests.test_iteration46_p1.TestSuperAdminAudit" name="test_sa_audit_tenant_filter" time="0.443" /><testcase classname="tests.test_iteration46_p1.TestSuperAdminAudit" name="test_sa_audit_trend" time="0.048" /></testsuite></testsuites>