<?xml version="1.0" encoding="utf-8"?><testsuites name="pytest tests"><testsuite name="pytest" errors="0" failures="0" skipped="0" tests="10" time="1.604" timestamp="2026-03-23T00:58:32.707230+00:00" hostname="agent-env-d963bf9f-ad7b-443c-917f-f4f0231b0508"><testcase classname="backend.tests.test_photo_upload.TestPhotoUpload" name="test_upload_photo_returns_200_and_photo_url" time="0.700" /><testcase classname="backend.tests.test_photo_upload.TestPhotoUpload" name="test_upload_photo_updates_db" time="0.114" /><testcase classname="backend.tests.test_photo_upload.TestPhotoUpload" name="test_upload_saves_file_to_disk" time="0.061" /><testcase classname="backend.tests.test_photo_upload.TestPhotoUpload" name="test_upload_resizes_large_image" time="0.064" /><testcase classname="backend.tests.test_photo_upload.TestPhotoUpload" name="test_upload_nonexistent_student_returns_404" time="0.060" /><testcase classname="backend.tests.test_photo_upload.TestPhotoUpload" name="test_upload_photo_for_student_without_photo" time="0.124" /><testcase classname="backend.tests.test_photo_upload.TestPhotoDeleteRegression" name="test_delete_photo_returns_200" time="0.110" /><testcase classname="backend.tests.test_photo_upload.TestPhotoDeleteRegression" name="test_delete_photo_clears_db" time="0.159" /><testcase classname="backend.tests.test_photo_upload.TestPhotoDeleteRegression" name="test_delete_photo_removes_file" time="0.116" /><testcase classname="backend.tests.test_photo_upload.TestPhotoDeleteRegression" name="test_delete_nonexistent_student_returns_404" time="0.058" /></testsuite></testsuites>