<?xml version="1.0" encoding="utf-8"?><testsuites name="pytest tests"><testsuite name="pytest" errors="0" failures="0" skipped="0" tests="6" time="1.465" timestamp="2026-04-23T03:52:16.164835+00:00" hostname="agent-env-d2ae8f4b-0b8a-4aea-b178-6e598dc4b73f"><testcase classname="backend.tests.test_iteration48_preview.TestStaffPreview" name="test_staff_preview_correct_file" time="0.440" /><testcase classname="backend.tests.test_iteration48_preview.TestStaffPreview" name="test_staff_preview_student_file_mismatch" time="0.053" /><testcase classname="backend.tests.test_iteration48_preview.TestStaffPreview" name="test_staff_preview_no_db_write" time="0.145" /><testcase classname="backend.tests.test_iteration48_preview.TestStudentPreview" name="test_student_preview_normalises_gender_and_year" time="0.052" /><testcase classname="backend.tests.test_iteration48_preview.TestStaffImportNoStatus" name="test_staff_import_without_staff_status_column" time="0.537" /><testcase classname="backend.tests.test_iteration48_preview.TestStudentGenderPersistence" name="test_student_import_stores_gender_full" time="0.209" /></testsuite></testsuites>