<?xml version="1.0" encoding="utf-8"?><testsuites name="pytest tests"><testsuite name="pytest" errors="0" failures="0" skipped="0" tests="12" time="1.832" timestamp="2026-04-11T23:29:16.435906+00:00" hostname="agent-env-d2ae8f4b-0b8a-4aea-b178-6e598dc4b73f"><testcase classname="backend.tests.test_landing_page.TestSchoolLookup" name="test_lookup_valid_slug_demo" time="0.134" /><testcase classname="backend.tests.test_landing_page.TestSchoolLookup" name="test_lookup_valid_slug_mooroopna" time="0.108" /><testcase classname="backend.tests.test_landing_page.TestSchoolLookup" name="test_lookup_invalid_slug" time="0.123" /><testcase classname="backend.tests.test_landing_page.TestSchoolLookup" name="test_lookup_empty_slug" time="0.120" /><testcase classname="backend.tests.test_landing_page.TestSchoolLookup" name="test_lookup_short_slug" time="0.102" /><testcase classname="backend.tests.test_landing_page.TestSchoolLookup" name="test_lookup_no_slug_param" time="0.097" /><testcase classname="backend.tests.test_landing_page.TestSchoolLookup" name="test_lookup_case_insensitive" time="0.108" /><testcase classname="backend.tests.test_landing_page.TestSchoolLookup" name="test_lookup_with_whitespace" time="0.107" /><testcase classname="backend.tests.test_landing_page.TestSchoolLookupNoAuth" name="test_no_auth_required" time="0.123" /><testcase classname="backend.tests.test_landing_page.TestSchoolLookupNoAuth" name="test_no_tenant_header_required" time="0.098" /><testcase classname="backend.tests.test_landing_page.TestExistingSchoolFeatures" name="test_school_login_endpoint" time="0.360" /><testcase classname="backend.tests.test_landing_page.TestExistingSchoolFeatures" name="test_sa_login_endpoint" time="0.323" /></testsuite></testsuites>