<?xml version="1.0" encoding="utf-8"?><testsuites name="pytest tests"><testsuite name="pytest" errors="0" failures="0" skipped="0" tests="21" time="2.396" timestamp="2026-04-11T13:29:16.882846+00:00" hostname="agent-env-d2ae8f4b-0b8a-4aea-b178-6e598dc4b73f"><testcase classname="backend.tests.test_multitenant_phase1.TestPublicEndpoints" name="test_public_settings_returns_200" time="0.240" /><testcase classname="backend.tests.test_multitenant_phase1.TestPublicEndpoints" name="test_onboarding_status_returns_200" time="0.113" /><testcase classname="backend.tests.test_multitenant_phase1.TestEmailAuth" name="test_login_with_valid_credentials" time="0.353" /><testcase classname="backend.tests.test_multitenant_phase1.TestEmailAuth" name="test_login_with_invalid_credentials" time="0.191" /><testcase classname="backend.tests.test_multitenant_phase1.TestAuthenticatedEndpoints" name="test_auth_me_returns_user_without_password" time="0.380" /><testcase classname="backend.tests.test_multitenant_phase1.TestAuthenticatedEndpoints" name="test_students_list" time="0.053" /><testcase classname="backend.tests.test_multitenant_phase1.TestAuthenticatedEndpoints" name="test_students_summary" time="0.052" /><testcase classname="backend.tests.test_multitenant_phase1.TestAuthenticatedEndpoints" name="test_tier_distribution" time="0.048" /><testcase classname="backend.tests.test_multitenant_phase1.TestAuthenticatedEndpoints" name="test_alerts_list" time="0.047" /><testcase classname="backend.tests.test_multitenant_phase1.TestAuthenticatedEndpoints" name="test_settings" time="0.057" /><testcase classname="backend.tests.test_multitenant_phase1.TestAuthenticatedEndpoints" name="test_attendance_summary" time="0.058" /><testcase classname="backend.tests.test_multitenant_phase1.TestAuthenticatedEndpoints" name="test_interventions_list" time="0.046" /><testcase classname="backend.tests.test_multitenant_phase1.TestAuthenticatedEndpoints" name="test_appointments_list" time="0.047" /><testcase classname="backend.tests.test_multitenant_phase1.TestAuthenticatedEndpoints" name="test_screening_sessions" time="0.046" /><testcase classname="backend.tests.test_multitenant_phase1.TestAuthenticatedEndpoints" name="test_reports_filter_options" time="0.048" /><testcase classname="backend.tests.test_multitenant_phase1.TestAuthenticatedEndpoints" name="test_audit_log" time="0.047" /><testcase classname="backend.tests.test_multitenant_phase1.TestUnauthenticatedAccess" name="test_students_requires_auth" time="0.104" /><testcase classname="backend.tests.test_multitenant_phase1.TestUnauthenticatedAccess" name="test_settings_requires_auth" time="0.100" /><testcase classname="backend.tests.test_multitenant_phase1.TestUnauthenticatedAccess" name="test_audit_requires_auth" time="0.119" /><testcase classname="backend.tests.test_multitenant_phase1.TestTenantMiddleware" name="test_tenant_context_set_for_demo" time="0.102" /><testcase classname="backend.tests.test_multitenant_phase1.TestTenantMiddleware" name="test_onboarding_complete_for_demo" time="0.105" /></testsuite></testsuites>