<?xml version="1.0" encoding="utf-8"?><testsuites name="pytest tests"><testsuite name="pytest" errors="0" failures="0" skipped="0" tests="15" time="3.391" timestamp="2026-04-11T14:27:20.240494+00:00" hostname="agent-env-d2ae8f4b-0b8a-4aea-b178-6e598dc4b73f"><testcase classname="backend.tests.test_phase4_school_portal.TestPublicSettingsPhase4" name="test_demo_school_public_settings" time="0.142" /><testcase classname="backend.tests.test_phase4_school_portal.TestPublicSettingsPhase4" name="test_mooroopna_school_public_settings" time="0.120" /><testcase classname="backend.tests.test_phase4_school_portal.TestOAuthStateStorage" name="test_google_login_stores_state_with_tenant" time="0.103" /><testcase classname="backend.tests.test_phase4_school_portal.TestOAuthStateStorage" name="test_google_login_feature_flag_behavior" time="0.227" /><testcase classname="backend.tests.test_phase4_school_portal.TestOAuthCallback" name="test_callback_without_state_fails" time="0.178" /><testcase classname="backend.tests.test_phase4_school_portal.TestOAuthCallback" name="test_callback_with_invalid_state_fails" time="0.110" /><testcase classname="backend.tests.test_phase4_school_portal.TestOAuthCallback" name="test_callback_with_error_param" time="0.101" /><testcase classname="backend.tests.test_phase4_school_portal.TestLoginFlows" name="test_demo_school_email_login" time="0.358" /><testcase classname="backend.tests.test_phase4_school_portal.TestLoginFlows" name="test_demo_school_invalid_login" time="0.327" /><testcase classname="backend.tests.test_phase4_school_portal.TestLoginFlows" name="test_mooroopna_school_email_login" time="0.341" /><testcase classname="backend.tests.test_phase4_school_portal.TestLoginFlows" name="test_mooroopna_school_invalid_login" time="0.342" /><testcase classname="backend.tests.test_phase4_school_portal.TestSuperAdminFeatureFlags" name="test_get_school_with_feature_flags" time="0.420" /><testcase classname="backend.tests.test_phase4_school_portal.TestSuperAdminFeatureFlags" name="test_update_feature_flags" time="0.484" /><testcase classname="backend.tests.test_phase4_school_portal.TestRequireFeatureDependency" name="test_feature_flag_blocks_endpoint_when_disabled" time="0.000" /><testcase classname="backend.tests.test_phase4_school_portal.TestTrialExpiryData" name="test_trial_school_has_expiry_date" time="0.100" /></testsuite></testsuites>