<?xml version="1.0" encoding="utf-8"?><testsuites name="pytest tests"><testsuite name="pytest" errors="0" failures="0" skipped="0" tests="21" time="4.679" timestamp="2026-04-11T14:51:31.266004+00:00" hostname="agent-env-d2ae8f4b-0b8a-4aea-b178-6e598dc4b73f"><testcase classname="tests.test_phase5_features.TestSetup" name="test_sa_login" time="0.412" /><testcase classname="tests.test_phase5_features.TestSetup" name="test_demo_login" time="0.390" /><testcase classname="tests.test_phase5_features.TestTenantScopedPhotos" name="test_upload_student_photo" time="0.508" /><testcase classname="tests.test_phase5_features.TestTenantScopedPhotos" name="test_photo_url_format" time="0.050" /><testcase classname="tests.test_phase5_features.TestTenantScopedPhotos" name="test_serve_student_photo" time="0.154" /><testcase classname="tests.test_phase5_features.TestTenantScopedPhotos" name="test_delete_student_photo" time="0.311" /><testcase classname="tests.test_phase5_features.TestTenantScopedBackups" name="test_list_backups" time="0.381" /><testcase classname="tests.test_phase5_features.TestTenantScopedBackups" name="test_trigger_backup" time="0.055" /><testcase classname="tests.test_phase5_features.TestTenantScopedBackups" name="test_backup_appears_in_list" time="0.105" /><testcase classname="tests.test_phase5_features.TestOnboardingUpdate" name="test_onboarding_status_returns_complete_flag" time="0.410" /><testcase classname="tests.test_phase5_features.TestOnboardingUpdate" name="test_school_setup_requires_auth" time="0.101" /><testcase classname="tests.test_phase5_features.TestOnboardingUpdate" name="test_school_setup_with_auth" time="0.054" /><testcase classname="tests.test_phase5_features.TestImpersonation" name="test_create_impersonation_token" time="0.452" /><testcase classname="tests.test_phase5_features.TestImpersonation" name="test_impersonate_endpoint_redirects" time="0.151" /><testcase classname="tests.test_phase5_features.TestImpersonation" name="test_invalid_token_rejected" time="0.119" /><testcase classname="tests.test_phase5_features.TestImpersonation" name="test_used_token_rejected" time="0.318" /><testcase classname="tests.test_phase5_features.TestImpersonation" name="test_cannot_impersonate_inactive_school" time="0.124" /><testcase classname="tests.test_phase5_features.TestExistingFeatures" name="test_analytics_data" time="0.409" /><testcase classname="tests.test_phase5_features.TestExistingFeatures" name="test_students_list" time="0.049" /><testcase classname="tests.test_phase5_features.TestExistingFeatures" name="test_settings" time="0.050" /><testcase classname="tests.test_phase5_features.TestExistingFeatures" name="test_users_list" time="0.043" /></testsuite></testsuites>