<?xml version="1.0" encoding="utf-8"?><testsuites name="pytest tests"><testsuite name="pytest" errors="0" failures="0" skipped="0" tests="10" time="2.650" timestamp="2026-03-19T00:25:38.988592+00:00" hostname="agent-env-d963bf9f-ad7b-443c-917f-f4f0231b0508"><testcase classname="backend.tests.test_new_features.TestStudentArchiveReactivate" name="test_get_active_students_summary" time="0.300" /><testcase classname="backend.tests.test_new_features.TestStudentArchiveReactivate" name="test_get_archived_students_summary" time="0.132" /><testcase classname="backend.tests.test_new_features.TestStudentArchiveReactivate" name="test_get_students_with_status_filter" time="0.142" /><testcase classname="backend.tests.test_new_features.TestStudentArchiveReactivate" name="test_bulk_archive_and_reactivate" time="0.943" /><testcase classname="backend.tests.test_new_features.TestStudentArchiveReactivate" name="test_bulk_reactivate_empty_ids" time="0.169" /><testcase classname="backend.tests.test_new_features.TestCSVExports" name="test_students_csv" time="0.144" /><testcase classname="backend.tests.test_new_features.TestCSVExports" name="test_tier_summary_csv" time="0.254" /><testcase classname="backend.tests.test_new_features.TestCSVExports" name="test_screening_csv" time="0.130" /><testcase classname="backend.tests.test_new_features.TestCSVExports" name="test_interventions_csv" time="0.150" /><testcase classname="backend.tests.test_new_features.TestCSVExports" name="test_csv_requires_auth" time="0.156" /></testsuite></testsuites>