<?xml version="1.0" encoding="utf-8"?><testsuites name="pytest tests"><testsuite name="pytest" errors="0" failures="0" skipped="4" tests="12" time="1.652" timestamp="2026-03-20T05:38:30.708040+00:00" hostname="agent-env-d963bf9f-ad7b-443c-917f-f4f0231b0508"><testcase classname="backend.tests.test_email_auth.TestPublicSettings" name="test_public_settings_has_email_auth_enabled" time="0.250" /><testcase classname="backend.tests.test_email_auth.TestPublicSettings" name="test_email_auth_disabled_by_default" time="0.138" /><testcase classname="backend.tests.test_email_auth.TestLoginEmailDisabled" name="test_login_email_forbidden_when_disabled" time="0.283" /><testcase classname="backend.tests.test_email_auth.TestLoginEmailEnabled" name="test_login_email_wrong_credentials" time="0.194" /><testcase classname="backend.tests.test_email_auth.TestLoginEmailEnabled" name="test_login_email_success" time="0.044"><skipped type="pytest.skip" message="Could not create test user: 200 {&quot;user_id&quot;:&quot;user_8b3c63951a36&quot;,&quot;email&quot;:&quot;test_emailauth_user@example.com&quot;,&quot;name&quot;:&quot;TEST Email Auth User&quot;,&quot;picture&quot;:&quot;&quot;,&quot;role&quot;:&quot;teacher&quot;,&quot;created_at&quot;:&quot;2026-03-20T05:38:31.632868+00:00&quot;}">/app/backend/tests/test_email_auth.py:92: Could not create test user: 200 {"user_id":"user_8b3c63951a36","email":"test_emailauth_user@example.com","name":"TEST Email Auth User","picture":"","role":"teacher","created_at":"2026-03-20T05:38:31.632868+00:00"}</skipped></testcase><testcase classname="backend.tests.test_email_auth.TestSetPassword" name="test_set_password_requires_admin" time="0.000"><skipped type="pytest.skip" message="Could not create test user: 200 {&quot;user_id&quot;:&quot;user_8b3c63951a36&quot;,&quot;email&quot;:&quot;test_emailauth_user@example.com&quot;,&quot;name&quot;:&quot;TEST Email Auth User&quot;,&quot;picture&quot;:&quot;&quot;,&quot;role&quot;:&quot;teacher&quot;,&quot;created_at&quot;:&quot;2026-03-20T05:38:31.632868+00:00&quot;}">/app/backend/tests/test_email_auth.py:112: Could not create test user: 200 {"user_id":"user_8b3c63951a36","email":"test_emailauth_user@example.com","name":"TEST Email Auth User","picture":"","role":"teacher","created_at":"2026-03-20T05:38:31.632868+00:00"}</skipped></testcase><testcase classname="backend.tests.test_email_auth.TestSetPassword" name="test_set_password_success" time="0.000"><skipped type="pytest.skip" message="Could not create test user: 200 {&quot;user_id&quot;:&quot;user_8b3c63951a36&quot;,&quot;email&quot;:&quot;test_emailauth_user@example.com&quot;,&quot;name&quot;:&quot;TEST Email Auth User&quot;,&quot;picture&quot;:&quot;&quot;,&quot;role&quot;:&quot;teacher&quot;,&quot;created_at&quot;:&quot;2026-03-20T05:38:31.632868+00:00&quot;}">/app/backend/tests/test_email_auth.py:117: Could not create test user: 200 {"user_id":"user_8b3c63951a36","email":"test_emailauth_user@example.com","name":"TEST Email Auth User","picture":"","role":"teacher","created_at":"2026-03-20T05:38:31.632868+00:00"}</skipped></testcase><testcase classname="backend.tests.test_email_auth.TestSetPassword" name="test_set_password_too_short" time="0.000"><skipped type="pytest.skip" message="Could not create test user: 200 {&quot;user_id&quot;:&quot;user_8b3c63951a36&quot;,&quot;email&quot;:&quot;test_emailauth_user@example.com&quot;,&quot;name&quot;:&quot;TEST Email Auth User&quot;,&quot;picture&quot;:&quot;&quot;,&quot;role&quot;:&quot;teacher&quot;,&quot;created_at&quot;:&quot;2026-03-20T05:38:31.632868+00:00&quot;}">/app/backend/tests/test_email_auth.py:123: Could not create test user: 200 {"user_id":"user_8b3c63951a36","email":"test_emailauth_user@example.com","name":"TEST Email Auth User","picture":"","role":"teacher","created_at":"2026-03-20T05:38:31.632868+00:00"}</skipped></testcase><testcase classname="backend.tests.test_email_auth.TestSetPassword" name="test_set_password_user_not_found" time="0.293" /><testcase classname="backend.tests.test_email_auth.TestChangePassword" name="test_change_password_requires_auth" time="0.099" /><testcase classname="backend.tests.test_email_auth.TestChangePassword" name="test_change_password_wrong_current" time="0.270" /><testcase classname="backend.tests.test_email_auth.TestChangePassword" name="test_change_password_too_short" time="0.045" /></testsuite></testsuites>