<?xml version="1.0" encoding="utf-8"?><testsuites name="pytest tests"><testsuite name="pytest" errors="0" failures="0" skipped="0" tests="6" time="2.651" timestamp="2026-03-14T00:56:12.110745+00:00" hostname="agent-env-d963bf9f-ad7b-443c-917f-f4f0231b0508"><testcase classname="backend.tests.test_import_students.TestImportStudents" name="test_import_without_auth_returns_401" time="1.508" /><testcase classname="backend.tests.test_import_students.TestImportStudents" name="test_import_empty_body_returns_400" time="0.171" /><testcase classname="backend.tests.test_import_students.TestImportStudents" name="test_import_valid_students_returns_success" time="0.153" /><testcase classname="backend.tests.test_import_students.TestImportStudents" name="test_import_with_missing_required_fields_returns_error_rows" time="0.156" /><testcase classname="backend.tests.test_import_students.TestImportStudents" name="test_imported_students_appear_in_students_list" time="0.279" /><testcase classname="backend.tests.test_import_students.TestImportStudents" name="test_import_no_body_returns_error" time="0.152" /></testsuite></testsuites>