<?xml version="1.0" encoding="utf-8"?><testsuites name="pytest tests"><testsuite name="pytest" errors="0" failures="0" skipped="0" tests="16" time="4.249" timestamp="2026-03-18T23:33:53.748040+00:00" hostname="agent-env-d963bf9f-ad7b-443c-917f-f4f0231b0508"><testcase classname="backend.tests.test_reports_analytics.TestReportsFilterOptions" name="test_filter_options_returns_200" time="0.286" /><testcase classname="backend.tests.test_reports_analytics.TestReportsAbsenceTypes" name="test_absence_types_school_wide" time="0.230" /><testcase classname="backend.tests.test_reports_analytics.TestReportsAbsenceTypes" name="test_absence_types_with_year_level_filter" time="0.347" /><testcase classname="backend.tests.test_reports_analytics.TestReportsAbsenceTypes" name="test_absence_types_with_class_filter" time="0.300" /><testcase classname="backend.tests.test_reports_analytics.TestReportsScreeningCoverage" name="test_screening_coverage_returns_list" time="0.118" /><testcase classname="backend.tests.test_reports_analytics.TestReportsScreeningCoverage" name="test_screening_coverage_with_year_level" time="0.310" /><testcase classname="backend.tests.test_reports_analytics.TestReportsSupportGaps" name="test_support_gaps_returns_list" time="0.231" /><testcase classname="backend.tests.test_reports_analytics.TestReportsSupportGaps" name="test_support_gaps_with_class_filter" time="0.336" /><testcase classname="backend.tests.test_reports_analytics.TestReportsStaffLoad" name="test_staff_load_returns_list" time="0.184" /><testcase classname="backend.tests.test_reports_analytics.TestAnalyticsFilterParams" name="test_school_wide_with_year_level" time="0.364" /><testcase classname="backend.tests.test_reports_analytics.TestAnalyticsFilterParams" name="test_attendance_trends_with_class" time="0.328" /><testcase classname="backend.tests.test_reports_analytics.TestAnalyticsFilterParams" name="test_intervention_outcomes_with_year_level" time="0.312" /><testcase classname="backend.tests.test_reports_analytics.TestCSVExports" name="test_tier_summary_csv" time="0.274" /><testcase classname="backend.tests.test_reports_analytics.TestCSVExports" name="test_students_csv" time="0.146" /><testcase classname="backend.tests.test_reports_analytics.TestCSVExports" name="test_screening_csv" time="0.150" /><testcase classname="backend.tests.test_reports_analytics.TestCSVExports" name="test_interventions_csv" time="0.150" /></testsuite></testsuites>