<?xml version="1.0" encoding="utf-8"?><testsuites name="pytest tests"><testsuite name="pytest" errors="0" failures="0" skipped="0" tests="13" time="1.947" timestamp="2026-03-13T05:28:42.314673+00:00" hostname="agent-env-d963bf9f-ad7b-443c-917f-f4f0231b0508"><testcase classname="backend.tests.test_mtss_api.TestAuth" name="test_auth_me" time="0.141" /><testcase classname="backend.tests.test_mtss_api.TestStudents" name="test_students_summary" time="0.175" /><testcase classname="backend.tests.test_mtss_api.TestStudents" name="test_students_list" time="0.112" /><testcase classname="backend.tests.test_mtss_api.TestStudents" name="test_student_profile" time="0.222" /><testcase classname="backend.tests.test_mtss_api.TestClasses" name="test_classes_list" time="0.129" /><testcase classname="backend.tests.test_mtss_api.TestAnalytics" name="test_tier_distribution" time="0.164" /><testcase classname="backend.tests.test_mtss_api.TestAlerts" name="test_alerts_list" time="0.107" /><testcase classname="backend.tests.test_mtss_api.TestInterventions" name="test_interventions_list" time="0.139" /><testcase classname="backend.tests.test_mtss_api.TestMeetingPrep" name="test_meeting_prep" time="0.172" /><testcase classname="backend.tests.test_mtss_api.TestReports" name="test_reports_students_csv" time="0.112" /><testcase classname="backend.tests.test_mtss_api.TestReports" name="test_reports_tier_summary_csv" time="0.178" /><testcase classname="backend.tests.test_mtss_api.TestReports" name="test_reports_screening_csv" time="0.115" /><testcase classname="backend.tests.test_mtss_api.TestReports" name="test_reports_interventions_csv" time="0.106" /></testsuite></testsuites>