<?xml version="1.0" encoding="utf-8"?><testsuites name="pytest tests"><testsuite name="pytest" errors="0" failures="0" skipped="0" tests="24" time="2.306" timestamp="2026-03-21T07:21:10.402773+00:00" hostname="agent-env-d963bf9f-ad7b-443c-917f-f4f0231b0508"><testcase classname="backend.tests.test_multiyear_calendar.TestGetTermsDefault" name="test_returns_200" time="0.486" /><testcase classname="backend.tests.test_multiyear_calendar.TestGetTermsDefault" name="test_has_available_years" time="0.042" /><testcase classname="backend.tests.test_multiyear_calendar.TestGetTermsDefault" name="test_has_active_year" time="0.048" /><testcase classname="backend.tests.test_multiyear_calendar.TestGetTermsDefault" name="test_has_terms_list" time="0.045" /><testcase classname="backend.tests.test_multiyear_calendar.TestGetTermsDefault" name="test_has_school_days_count" time="0.051" /><testcase classname="backend.tests.test_multiyear_calendar.TestGetTermsDefault" name="test_contains_both_2025_and_2026_in_available" time="0.042" /><testcase classname="backend.tests.test_multiyear_calendar.TestGetTerms2025" name="test_returns_200" time="0.082" /><testcase classname="backend.tests.test_multiyear_calendar.TestGetTerms2025" name="test_active_year_is_2025" time="0.048" /><testcase classname="backend.tests.test_multiyear_calendar.TestGetTerms2025" name="test_terms_all_have_year_2025" time="0.080" /><testcase classname="backend.tests.test_multiyear_calendar.TestGetTerms2025" name="test_school_days_count_2025_gt_0" time="0.044" /><testcase classname="backend.tests.test_multiyear_calendar.TestGetTerms2026" name="test_returns_200" time="0.082" /><testcase classname="backend.tests.test_multiyear_calendar.TestGetTerms2026" name="test_active_year_is_2026" time="0.081" /><testcase classname="backend.tests.test_multiyear_calendar.TestGetTerms2026" name="test_terms_all_have_year_2026" time="0.044" /><testcase classname="backend.tests.test_multiyear_calendar.TestGetTerms2026" name="test_school_days_count_2026_gt_0" time="0.084" /><testcase classname="backend.tests.test_multiyear_calendar.TestSchoolDaysMigration" name="test_school_days_2025_exist" time="0.053" /><testcase classname="backend.tests.test_multiyear_calendar.TestSchoolDaysMigration" name="test_school_days_2026_exist" time="0.045" /><testcase classname="backend.tests.test_multiyear_calendar.TestSchoolDaysMigration" name="test_2025_and_2026_counts_are_independent" time="0.095" /><testcase classname="backend.tests.test_multiyear_calendar.TestPutTermsIsolation" name="test_saving_2025_does_not_destroy_2026_days" time="0.295" /><testcase classname="backend.tests.test_multiyear_calendar.TestPutTermsIsolation" name="test_saving_2026_does_not_destroy_2025_days" time="0.260" /><testcase classname="backend.tests.test_multiyear_calendar.TestAttendanceUsesCurrentYear" name="test_attendance_summary_200" time="0.048" /><testcase classname="backend.tests.test_multiyear_calendar.TestAttendanceUsesCurrentYear" name="test_analytics_school_wide_200" time="0.045" /><testcase classname="backend.tests.test_multiyear_calendar.TestAttendanceUsesCurrentYear" name="test_analytics_attendance_trends_200" time="0.082" /><testcase classname="backend.tests.test_multiyear_calendar.TestAttendanceUsesCurrentYear" name="test_students_summary_200" time="0.046" /><testcase classname="backend.tests.test_multiyear_calendar.TestAttendanceUsesCurrentYear" name="test_students_summary_has_attendance_pct" time="0.043" /></testsuite></testsuites>