<?xml version="1.0" encoding="utf-8"?><testsuites name="pytest tests"><testsuite name="pytest" errors="0" failures="0" skipped="0" tests="18" time="2.145" timestamp="2026-03-20T06:01:27.197102+00:00" hostname="agent-env-d963bf9f-ad7b-443c-917f-f4f0231b0508"><testcase classname="backend.tests.test_predeployment.TestAuthEndpoints" name="test_google_oauth_redirect" time="0.263" /><testcase classname="backend.tests.test_predeployment.TestAuthEndpoints" name="test_auth_me_with_session" time="0.132" /><testcase classname="backend.tests.test_predeployment.TestAuthEndpoints" name="test_auth_me_without_session" time="0.099" /><testcase classname="backend.tests.test_predeployment.TestAuthEndpoints" name="test_login_email_disabled" time="0.123" /><testcase classname="backend.tests.test_predeployment.TestAuthEndpoints" name="test_change_password_requires_auth" time="0.116" /><testcase classname="backend.tests.test_predeployment.TestPublicSettings" name="test_public_settings_has_email_auth_field" time="0.203" /><testcase classname="backend.tests.test_predeployment.TestPublicSettings" name="test_public_settings_has_school_name" time="0.190" /><testcase classname="backend.tests.test_predeployment.TestBackupsAPI" name="test_backups_list_requires_auth" time="0.159" /><testcase classname="backend.tests.test_predeployment.TestBackupsAPI" name="test_backups_trigger_requires_auth" time="0.132" /><testcase classname="backend.tests.test_predeployment.TestBackupsAPI" name="test_backups_list_with_auth" time="0.048" /><testcase classname="backend.tests.test_predeployment.TestBackupsAPI" name="test_backups_trigger_with_auth" time="0.062" /><testcase classname="backend.tests.test_predeployment.TestUserManagement" name="test_get_users_requires_auth" time="0.098" /><testcase classname="backend.tests.test_predeployment.TestUserManagement" name="test_get_users_with_auth" time="0.048" /><testcase classname="backend.tests.test_predeployment.TestUserManagement" name="test_set_password_requires_admin" time="0.111" /><testcase classname="backend.tests.test_predeployment.TestDashboardAPIs" name="test_tier_distribution" time="0.124" /><testcase classname="backend.tests.test_predeployment.TestDashboardAPIs" name="test_alerts" time="0.045" /><testcase classname="backend.tests.test_predeployment.TestDashboardAPIs" name="test_students" time="0.049" /><testcase classname="backend.tests.test_predeployment.TestDashboardAPIs" name="test_school_settings" time="0.088" /></testsuite></testsuites>