<?xml version="1.0" encoding="utf-8"?><testsuites name="pytest tests"><testsuite name="pytest" errors="0" failures="0" skipped="0" tests="22" time="1.517" timestamp="2026-03-21T06:53:11.767263+00:00" hostname="agent-env-d963bf9f-ad7b-443c-917f-f4f0231b0508"><testcase classname="backend.tests.test_n1_fix.TestStudentsSummary" name="test_status_200" time="0.447" /><testcase classname="backend.tests.test_n1_fix.TestStudentsSummary" name="test_under_500ms" time="0.047" /><testcase classname="backend.tests.test_n1_fix.TestStudentsSummary" name="test_response_fields" time="0.048" /><testcase classname="backend.tests.test_n1_fix.TestAnalyticsSchoolWide" name="test_status_200" time="0.054" /><testcase classname="backend.tests.test_n1_fix.TestAnalyticsSchoolWide" name="test_under_500ms" time="0.060" /><testcase classname="backend.tests.test_n1_fix.TestAnalyticsSchoolWide" name="test_response_fields" time="0.051" /><testcase classname="backend.tests.test_n1_fix.TestAnalyticsAttendanceTrends" name="test_status_200" time="0.045" /><testcase classname="backend.tests.test_n1_fix.TestAnalyticsAttendanceTrends" name="test_under_500ms" time="0.048" /><testcase classname="backend.tests.test_n1_fix.TestAnalyticsAttendanceTrends" name="test_response_fields" time="0.048" /><testcase classname="backend.tests.test_n1_fix.TestMeetingPrep" name="test_status_200" time="0.047" /><testcase classname="backend.tests.test_n1_fix.TestMeetingPrep" name="test_under_500ms" time="0.046" /><testcase classname="backend.tests.test_n1_fix.TestMeetingPrep" name="test_response_fields" time="0.048" /><testcase classname="backend.tests.test_n1_fix.TestAttendanceSummary" name="test_status_200" time="0.048" /><testcase classname="backend.tests.test_n1_fix.TestAttendanceSummary" name="test_under_500ms" time="0.044" /><testcase classname="backend.tests.test_n1_fix.TestAttendanceSummary" name="test_attendance_pct_field" time="0.046" /><testcase classname="backend.tests.test_n1_fix.TestAnalyticsMisc" name="test_tier_distribution" time="0.046" /><testcase classname="backend.tests.test_n1_fix.TestAnalyticsMisc" name="test_cohort_comparison" time="0.047" /><testcase classname="backend.tests.test_n1_fix.TestAnalyticsMisc" name="test_intervention_outcomes" time="0.054" /><testcase classname="backend.tests.test_n1_fix.TestAnalyticsMisc" name="test_classroom_radar" time="0.045" /><testcase classname="backend.tests.test_n1_fix.TestReports" name="test_support_gaps" time="0.057" /><testcase classname="backend.tests.test_n1_fix.TestReports" name="test_screening_coverage" time="0.044" /><testcase classname="backend.tests.test_n1_fix.TestReports" name="test_tier_summary_csv" time="0.061" /></testsuite></testsuites>