<?xml version="1.0" encoding="utf-8"?><testsuites name="pytest tests"><testsuite name="pytest" errors="0" failures="0" skipped="0" tests="7" time="1.630" timestamp="2026-03-20T15:10:28.962368+00:00" hostname="agent-env-d963bf9f-ad7b-443c-917f-f4f0231b0508"><testcase classname="backend.tests.test_attendance_v2.TestAttendanceTypes" name="test_get_absence_types_structure" time="0.575" /><testcase classname="backend.tests.test_attendance_v2.TestAttendanceTypes" name="test_update_excluded_types" time="0.288" /><testcase classname="backend.tests.test_attendance_v2.TestAttendanceSummary" name="test_summary_has_day_fields" time="0.087" /><testcase classname="backend.tests.test_attendance_v2.TestAttendanceSummary" name="test_absent_days_is_numeric" time="0.094" /><testcase classname="backend.tests.test_attendance_v2.TestStudentAttendanceDetail" name="test_student_detail_has_day_fields" time="0.106" /><testcase classname="backend.tests.test_attendance_v2.TestStudentAttendanceDetail" name="test_deduplication_same_type" time="0.137" /><testcase classname="backend.tests.test_attendance_v2.TestSeedBugFix" name="test_seed_preserves_school_settings" time="0.310" /></testsuite></testsuites>