<?xml version="1.0" encoding="utf-8"?><testsuites name="pytest tests"><testsuite name="pytest" errors="0" failures="0" skipped="0" tests="9" time="0.995" timestamp="2026-03-18T12:26:59.267558+00:00" hostname="agent-env-d963bf9f-ad7b-443c-917f-f4f0231b0508"><testcase classname="backend.tests.test_students_new_features.TestUpdateStudent" name="test_update_student_name" time="0.259" /><testcase classname="backend.tests.test_students_new_features.TestUpdateStudent" name="test_update_student_persists" time="0.052" /><testcase classname="backend.tests.test_students_new_features.TestUpdateStudent" name="test_update_student_invalid_fields_ignored" time="0.056" /><testcase classname="backend.tests.test_students_new_features.TestUpdateStudent" name="test_update_student_no_valid_fields_returns_400" time="0.052" /><testcase classname="backend.tests.test_students_new_features.TestUpdateStudent" name="test_update_nonexistent_student" time="0.051" /><testcase classname="backend.tests.test_students_new_features.TestBulkArchive" name="test_bulk_archive_valid" time="0.179" /><testcase classname="backend.tests.test_students_new_features.TestBulkArchive" name="test_bulk_archive_removes_from_active" time="0.051" /><testcase classname="backend.tests.test_students_new_features.TestBulkArchive" name="test_bulk_archive_empty_returns_400" time="0.075" /><testcase classname="backend.tests.test_students_new_features.TestBulkArchive" name="test_bulk_archive_missing_field_returns_400" time="0.051" /></testsuite></testsuites>