<?xml version="1.0" encoding="utf-8"?><testsuites name="pytest tests"><testsuite name="pytest" errors="0" failures="0" skipped="0" tests="4" time="1.361" timestamp="2026-03-24T01:23:11.992774+00:00" hostname="agent-env-d963bf9f-ad7b-443c-917f-f4f0231b0508"><testcase classname="backend.tests.test_settings_tabs" name="test_get_attendance_types" time="0.538" /><testcase classname="backend.tests.test_settings_tabs" name="test_get_settings" time="0.104" /><testcase classname="backend.tests.test_settings_tabs" name="test_put_settings_excluded_absence_types" time="0.351" /><testcase classname="backend.tests.test_settings_tabs" name="test_put_settings_intervention_types" time="0.339" /></testsuite></testsuites>