<?xml version="1.0" encoding="utf-8"?><testsuites name="pytest tests"><testsuite name="pytest" errors="0" failures="0" skipped="0" tests="35" time="14.322" timestamp="2026-04-11T13:45:03.642353+00:00" hostname="agent-env-d2ae8f4b-0b8a-4aea-b178-6e598dc4b73f"><testcase classname="tests.test_superadmin_phase2.TestSuperAdminAuth" name="test_bootstrap_rejects_second_attempt" time="0.128" /><testcase classname="tests.test_superadmin_phase2.TestSuperAdminAuth" name="test_login_success" time="0.371" /><testcase classname="tests.test_superadmin_phase2.TestSuperAdminAuth" name="test_login_invalid_credentials" time="0.319" /><testcase classname="tests.test_superadmin_phase2.TestSuperAdminAuth" name="test_me_without_auth" time="0.102" /><testcase classname="tests.test_superadmin_phase2.TestSuperAdminAuth" name="test_me_with_auth" time="0.441" /><testcase classname="tests.test_superadmin_phase2.TestSuperAdminAuth" name="test_change_password" time="1.103" /><testcase classname="tests.test_superadmin_phase2.TestSuperAdminAuth" name="test_change_password_wrong_current" time="0.316" /><testcase classname="tests.test_superadmin_phase2.TestSuperAdminAuth" name="test_logout" time="0.101" /><testcase classname="tests.test_superadmin_phase2.TestPlatformStats" name="test_stats_without_auth" time="0.102" /><testcase classname="tests.test_superadmin_phase2.TestPlatformStats" name="test_stats_with_auth" time="0.442" /><testcase classname="tests.test_superadmin_phase2.TestSchoolsCRUD" name="test_list_schools" time="0.419" /><testcase classname="tests.test_superadmin_phase2.TestSchoolsCRUD" name="test_get_school_detail" time="0.129" /><testcase classname="tests.test_superadmin_phase2.TestSchoolsCRUD" name="test_get_school_not_found" time="0.124" /><testcase classname="tests.test_superadmin_phase2.TestSchoolsCRUD" name="test_update_school" time="0.312" /><testcase classname="tests.test_superadmin_phase2.TestSchoolsCRUD" name="test_update_school_invalid_status" time="0.113" /><testcase classname="tests.test_superadmin_phase2.TestSchoolProvisioning" name="test_provision_school_reserved_slug" time="0.657" /><testcase classname="tests.test_superadmin_phase2.TestSchoolProvisioning" name="test_provision_school_duplicate_slug" time="0.107" /><testcase classname="tests.test_superadmin_phase2.TestSchoolProvisioning" name="test_provision_school_invalid_slug_format" time="0.405" /><testcase classname="tests.test_superadmin_phase2.TestSchoolProvisioning" name="test_provision_and_archive_school" time="0.753" /><testcase classname="tests.test_superadmin_phase2.TestSchoolAdmins" name="test_list_school_admins" time="0.472" /><testcase classname="tests.test_superadmin_phase2.TestSchoolAdmins" name="test_add_and_remove_school_admin" time="0.671" /><testcase classname="tests.test_superadmin_phase2.TestSchoolAdmins" name="test_add_duplicate_email" time="0.212" /><testcase classname="tests.test_superadmin_phase2.TestSchoolAdmins" name="test_reset_password" time="0.781" /><testcase classname="tests.test_superadmin_phase2.TestSchoolAdmins" name="test_reset_password_short" time="0.241" /><testcase classname="tests.test_superadmin_phase2.TestImpersonation" name="test_impersonate_active_school" time="0.449" /><testcase classname="tests.test_superadmin_phase2.TestImpersonation" name="test_impersonate_archived_school" time="0.207" /><testcase classname="tests.test_superadmin_phase2.TestAuditLog" name="test_audit_log" time="0.442" /><testcase classname="tests.test_superadmin_phase2.TestAuditLog" name="test_audit_log_pagination" time="0.103" /><testcase classname="tests.test_superadmin_phase2.TestSuperAdminsCRUD" name="test_list_super_admins" time="0.454" /><testcase classname="tests.test_superadmin_phase2.TestSuperAdminsCRUD" name="test_create_and_delete_super_admin" time="0.623" /><testcase classname="tests.test_superadmin_phase2.TestSuperAdminsCRUD" name="test_cannot_delete_self" time="0.195" /><testcase classname="tests.test_superadmin_phase2.TestSuperAdminsCRUD" name="test_create_duplicate_email" time="0.112" /><testcase classname="tests.test_superadmin_phase2.TestAuthGuard" name="test_endpoints_require_auth" time="1.599" /><testcase classname="tests.test_superadmin_phase2.TestSchoolPortalStillWorks" name="test_demo_school_students" time="0.380" /><testcase classname="tests.test_superadmin_phase2.TestSchoolPortalStillWorks" name="test_provisioned_school_accessible" time="0.862" /></testsuite></testsuites>